# JRE version: Java(TM) SE Runtime Environment (25.0.1+8) (build 25.0.1+8-LTS-27)
# Java VM: Java HotSpot(TM) 64-Bit Server VM (25.0.1+8-LTS-27, mixed mode, emulated-client, sharing, tiered, compressed oops, compressed class ptrs, g1 gc, windows-amd64)
GC Precious Log:
 CardTable entry size: 512
 Card Set container configuration: InlinePtr #cards 4 size 8 Array Of Cards #cards 16 size 48 Howl #buckets 8 coarsen threshold 3686 Howl Bitmap #cards 512 size 80 coarsen threshold 460 Card regions per heap region 1 cards per card region 4096
 CPUs: 12 total, 12 available
 Memory: 11885M
 Large Page Support: Disabled
 NUMA Support: Disabled
 Compressed Oops: Enabled (Zero based)
 Heap Region Size: 2M
 Heap Min Capacity: 8M
 Heap Initial Capacity: 186M
 Heap Max Capacity: 2972M
 Pre-touch: Disabled
 Parallel Workers: 10
 Concurrent Workers: 3
 Concurrent Refinement Workers: 10
 Periodic GC: Disabled
Heap:
 garbage-first heap   total reserved 3043328K, committed 71680K, used 30107K [0x0000000746400000, 0x0000000800000000)
  region size 2048K, 9 young (18432K), 3 survivors (6144K)
GC Heap Usage History (10 events):
Event: 0.474 {heap Before GC invocations=0 (full 0):
 garbage-first heap   total reserved 3043328K, committed 192512K, used 48277K [0x0000000746400000, 0x0000000800000000)
  region size 2048K, 24 young (49152K), 0 survivors (0K)
}
Event: 0.478 {heap After GC invocations=1 (full 0):
 garbage-first heap   total reserved 3043328K, committed 192512K, used 9625K [0x0000000746400000, 0x0000000800000000)
  region size 2048K, 3 young (6144K), 3 survivors (6144K)
}
Event: 0.783 {heap Before GC invocations=1 (full 0):
 garbage-first heap   total reserved 3043328K, committed 192512K, used 56729K [0x0000000746400000, 0x0000000800000000)
  region size 2048K, 27 young (55296K), 3 survivors (6144K)
}
Event: 0.788 {heap After GC invocations=2 (full 0):
 garbage-first heap   total reserved 3043328K, committed 192512K, used 13352K [0x0000000746400000, 0x0000000800000000)
  region size 2048K, 6 young (12288K), 6 survivors (12288K)
}
Event: 1.075 {heap Before GC invocations=3 (full 0):
 garbage-first heap   total reserved 3043328K, committed 55296K, used 52264K [0x0000000746400000, 0x0000000800000000)
  region size 2048K, 25 young (51200K), 6 survivors (12288K)
}
Event: 1.079 {heap After GC invocations=4 (full 0):
 garbage-first heap   total reserved 3043328K, committed 71680K, used 15963K [0x0000000746400000, 0x0000000800000000)
  region size 2048K, 5 young (10240K), 5 survivors (10240K)
}
Event: 1.247 {heap Before GC invocations=4 (full 0):
 garbage-first heap   total reserved 3043328K, committed 71680K, used 46683K [0x0000000746400000, 0x0000000800000000)
  region size 2048K, 20 young (40960K), 5 survivors (10240K)
}
Event: 1.251 {heap After GC invocations=5 (full 0):
 garbage-first heap   total reserved 3043328K, committed 71680K, used 18413K [0x0000000746400000, 0x0000000800000000)
  region size 2048K, 2 young (4096K), 2 survivors (4096K)
}
Event: 1.347 {heap Before GC invocations=5 (full 0):
 garbage-first heap   total reserved 3043328K, committed 71680K, used 32749K [0x0000000746400000, 0x0000000800000000)
  region size 2048K, 10 young (20480K), 2 survivors (4096K)
}
Event: 1.349 {heap After GC invocations=6 (full 0):
 garbage-first heap   total reserved 3043328K, committed 71680K, used 19867K [0x0000000746400000, 0x0000000800000000)
  region size 2048K, 3 young (6144K), 3 survivors (6144K)
}

